2019-09-17 00:00:20,702 INFO org.springframework.scheduling.concurrent.ExecutorConfigurationSupport [Thread-13] Shutting down ExecutorService 'applicationTaskExecutor'
2019-09-17 00:00:20,705 INFO org.springframework.orm.jpa.AbstractEntityManagerFactoryBean [Thread-13] Closing JPA EntityManagerFactory for persistence unit 'default'
2019-09-17 00:00:20,707 INFO org.hibernate.tool.schema.internal.SchemaDropperImpl$DelayedDropActionImpl [Thread-13] HHH000477: Starting delayed evictData of schema as part of SessionFactory shut-down'
2019-09-17 00:00:20,715 WARN org.springframework.beans.factory.support.DisposableBeanAdapter [Thread-13] Invocation of destroy method failed on bean with name 'inMemoryDatabaseShutdownExecutor': org.h2.jdbc.JdbcSQLNonTransientConnectionException: Database is already closed (to disable automatic closing at VM shutdown, add ";DB_CLOSE_ON_EXIT=FALSE" to the db URL) [90121-199]
2019-09-17 00:00:20,716 INFO com.zaxxer.hikari.HikariDataSource [Thread-13] HikariPool-2 - Shutdown initiated...
2019-09-17 00:00:20,720 INFO com.zaxxer.hikari.HikariDataSource [Thread-13] HikariPool-2 - Shutdown completed.
2019-09-17 00:00:20,984 INFO org.springframework.boot.StartupInfoLogger [restartedMain] Starting DemoApplication on orion with PID 43865 (/Users/arilson/projects/pratico/target/classes started by arilson in /Users/arilson/projects/pratico)
2019-09-17 00:00:20,984 DEBUG org.springframework.boot.StartupInfoLogger [restartedMain] Running with Spring Boot v2.1.8.RELEASE, Spring v5.1.9.RELEASE
2019-09-17 00:00:20,985 INFO org.springframework.boot.SpringApplication [restartedMain] No active profile set, falling back to default profiles: default
2019-09-17 00:00:21,263 INFO org.springframework.data.repository.config.RepositoryConfigurationDelegate [restartedMain] Bootstrapping Spring Data repositories in DEFAULT mode.
2019-09-17 00:00:21,277 INFO org.springframework.data.repository.config.RepositoryConfigurationDelegate [restartedMain] Finished Spring Data repository scanning in 13ms. Found 1 repository interfaces.
2019-09-17 00:00:21,370 INFO org.springframework.context.support.PostProcessorRegistrationDelegate$BeanPostProcessorChecker [restartedMain] Bean 'org.springframework.transaction.annotation.ProxyTransactionManagementConfiguration' of type [org.springframework.transaction.annotation.ProxyTransactionManagementConfiguration$$EnhancerBySpringCGLIB$$a582903] is not eligible for getting processed by all BeanPostProcessors (for example: not eligible for auto-proxying)
2019-09-17 00:00:21,509 INFO org.springframework.boot.web.embedded.tomcat.TomcatWebServer [restartedMain] Tomcat initialized with port(s): 8080 (http)
2019-09-17 00:00:21,510 INFO org.apache.juli.logging.DirectJDKLog [restartedMain] Initializing ProtocolHandler ["http-nio-8080"]
2019-09-17 00:00:21,512 INFO org.apache.juli.logging.DirectJDKLog [restartedMain] Starting service [Tomcat]
2019-09-17 00:00:21,513 INFO org.apache.juli.logging.DirectJDKLog [restartedMain] Starting Servlet engine: [Apache Tomcat/9.0.24]
2019-09-17 00:00:21,521 INFO org.apache.juli.logging.DirectJDKLog [restartedMain] Initializing Spring embedded WebApplicationContext
2019-09-17 00:00:21,522 INFO org.springframework.boot.web.servlet.context.ServletWebServerApplicationContext [restartedMain] Root WebApplicationContext: initialization completed in 533 ms
2019-09-17 00:00:21,636 INFO com.zaxxer.hikari.HikariDataSource [restartedMain] HikariPool-3 - Starting...
2019-09-17 00:00:21,640 INFO com.zaxxer.hikari.HikariDataSource [restartedMain] HikariPool-3 - Start completed.
2019-09-17 00:00:21,654 INFO org.hibernate.jpa.internal.util.LogHelper [restartedMain] HHH000204: Processing PersistenceUnitInfo [
	name: default
	...]
2019-09-17 00:00:21,668 INFO org.hibernate.dialect.Dialect [restartedMain] HHH000400: Using dialect: org.hibernate.dialect.H2Dialect
2019-09-17 00:00:21,726 INFO org.hibernate.tool.schema.internal.SchemaCreatorImpl [restartedMain] HHH000476: Executing import script 'org.hibernate.tool.schema.internal.exec.ScriptSourceInputNonExistentImpl@786eb608'
2019-09-17 00:00:21,727 INFO org.springframework.orm.jpa.AbstractEntityManagerFactoryBean [restartedMain] Initialized JPA EntityManagerFactory for persistence unit 'default'
2019-09-17 00:00:21,795 INFO org.springframework.boot.devtools.autoconfigure.OptionalLiveReloadServer [restartedMain] LiveReload server is running on port 35729
2019-09-17 00:00:22,118 INFO org.springframework.scheduling.concurrent.ExecutorConfigurationSupport [restartedMain] Initializing ExecutorService 'applicationTaskExecutor'
2019-09-17 00:00:22,277 INFO org.apache.juli.logging.DirectJDKLog [restartedMain] Starting ProtocolHandler ["http-nio-8080"]
2019-09-17 00:00:22,282 INFO org.springframework.boot.web.embedded.tomcat.TomcatWebServer [restartedMain] Tomcat started on port(s): 8080 (http) with context path '/pratico'
2019-09-17 00:00:22,284 INFO org.springframework.boot.StartupInfoLogger [restartedMain] Started DemoApplication in 1.339 seconds (JVM running for 114.841)
2019-09-17 00:00:22,288 INFO org.springframework.boot.devtools.autoconfigure.ConditionEvaluationDeltaLoggingListener [restartedMain] Condition evaluation unchanged
2019-09-17 00:00:29,701 INFO org.apache.juli.logging.DirectJDKLog [http-nio-8080-exec-1] Initializing Spring DispatcherServlet 'dispatcherServlet'
2019-09-17 00:00:29,702 INFO org.springframework.web.servlet.FrameworkServlet [http-nio-8080-exec-1] Initializing Servlet 'dispatcherServlet'
2019-09-17 00:00:29,715 INFO org.springframework.web.servlet.FrameworkServlet [http-nio-8080-exec-1] Completed initialization in 13 ms
2019-09-17 00:00:29,729 INFO br.com.orion.pratico.aspect.ServiceAspect [http-nio-8080-exec-1] Inicializou ProdutoService.insert(..) Produto(id=null, nome=Pro duto 01, categoria=A)
2019-09-17 00:00:29,760 INFO br.com.orion.pratico.aspect.ServiceAspect [http-nio-8080-exec-1] Finalizou ProdutoService.insert(..) Produto(id=1, nome=Pro duto 01, categoria=A)
2019-09-17 00:36:14,659 WARN com.zaxxer.hikari.pool.HikariPool$HouseKeeper [HikariPool-3 housekeeper] HikariPool-3 - Thread starvation or clock leap detected (housekeeper delta=33m22s893ms).
